<?xml version="1.0" ?>
<coverage version="7.3.2" timestamp="1736265938457" lines-valid="291" lines-covered="204" line-rate="0.701" branches-covered="0" branches-valid="0" branch-rate="0" complexity="0">
	<!-- Generated by coverage.py: https://coverage.readthedocs.io/en/7.3.2 -->
	<!-- Based on https://raw.githubusercontent.com/cobertura/web/master/htdocs/xml/coverage-04.dtd -->
	<sources>
		<source>/home/sharrison/code/fragment-mnp</source>
	</sources>
	<packages>
		<package name="src.fragmentmnp" line-rate="0.701" branch-rate="0" complexity="0">
			<classes>
				<class name="__init__.py" filename="src/fragmentmnp/__init__.py" complexity="0" line-rate="1" branch-rate="0">
					<methods/>
					<lines>
						<line number="6" hits="1"/>
						<line number="9" hits="1"/>
						<line number="12" hits="1"/>
						<line number="15" hits="1"/>
					</lines>
				</class>
				<class name="_errors.py" filename="src/fragmentmnp/_errors.py" complexity="0" line-rate="1" branch-rate="0">
					<methods/>
					<lines>
						<line number="5" hits="1"/>
						<line number="11" hits="1"/>
						<line number="18" hits="1"/>
					</lines>
				</class>
				<class name="examples.py" filename="src/fragmentmnp/examples.py" complexity="0" line-rate="1" branch-rate="0">
					<methods/>
					<lines>
						<line number="17" hits="1"/>
						<line number="20" hits="1"/>
						<line number="33" hits="1"/>
						<line number="40" hits="1"/>
						<line number="41" hits="1"/>
						<line number="42" hits="1"/>
						<line number="43" hits="1"/>
						<line number="44" hits="1"/>
						<line number="45" hits="1"/>
						<line number="46" hits="1"/>
						<line number="47" hits="1"/>
						<line number="48" hits="1"/>
						<line number="49" hits="1"/>
						<line number="50" hits="1"/>
						<line number="53" hits="1"/>
						<line number="69" hits="1"/>
					</lines>
				</class>
				<class name="fragmentmnp.py" filename="src/fragmentmnp/fragmentmnp.py" complexity="0" line-rate="0.9155" branch-rate="0">
					<methods/>
					<lines>
						<line number="1" hits="1"/>
						<line number="2" hits="1"/>
						<line number="3" hits="1"/>
						<line number="4" hits="1"/>
						<line number="5" hits="1"/>
						<line number="6" hits="1"/>
						<line number="7" hits="1"/>
						<line number="8" hits="1"/>
						<line number="9" hits="1"/>
						<line number="12" hits="1"/>
						<line number="28" hits="1"/>
						<line number="36" hits="1"/>
						<line number="37" hits="1"/>
						<line number="39" hits="1"/>
						<line number="40" hits="1"/>
						<line number="43" hits="1"/>
						<line number="44" hits="1"/>
						<line number="45" hits="1"/>
						<line number="46" hits="1"/>
						<line number="49" hits="1"/>
						<line number="53" hits="1"/>
						<line number="54" hits="1"/>
						<line number="56" hits="1"/>
						<line number="57" hits="1"/>
						<line number="58" hits="1"/>
						<line number="61" hits="1"/>
						<line number="63" hits="1"/>
						<line number="64" hits="1"/>
						<line number="69" hits="1"/>
						<line number="70" hits="1"/>
						<line number="71" hits="1"/>
						<line number="72" hits="1"/>
						<line number="73" hits="1"/>
						<line number="75" hits="1"/>
						<line number="78" hits="1"/>
						<line number="79" hits="1"/>
						<line number="80" hits="1"/>
						<line number="81" hits="1"/>
						<line number="83" hits="1"/>
						<line number="91" hits="1"/>
						<line number="92" hits="1"/>
						<line number="94" hits="1"/>
						<line number="95" hits="1"/>
						<line number="99" hits="1"/>
						<line number="102" hits="1"/>
						<line number="104" hits="1"/>
						<line number="135" hits="1"/>
						<line number="137" hits="1"/>
						<line number="138" hits="1"/>
						<line number="141" hits="1"/>
						<line number="143" hits="1"/>
						<line number="145" hits="1"/>
						<line number="146" hits="1"/>
						<line number="148" hits="1"/>
						<line number="150" hits="1"/>
						<line number="154" hits="1"/>
						<line number="157" hits="1"/>
						<line number="166" hits="1"/>
						<line number="167" hits="0"/>
						<line number="172" hits="1"/>
						<line number="174" hits="1"/>
						<line number="175" hits="1"/>
						<line number="178" hits="1"/>
						<line number="180" hits="1"/>
						<line number="184" hits="1"/>
						<line number="185" hits="1"/>
						<line number="188" hits="1"/>
						<line number="191" hits="1"/>
						<line number="195" hits="1"/>
						<line number="197" hits="1"/>
						<line number="202" hits="1"/>
						<line number="204" hits="0"/>
						<line number="205" hits="1"/>
						<line number="207" hits="1"/>
						<line number="211" hits="0"/>
						<line number="214" hits="1"/>
						<line number="216" hits="1"/>
						<line number="217" hits="1"/>
						<line number="340" hits="1"/>
						<line number="341" hits="0"/>
						<line number="347" hits="1"/>
						<line number="351" hits="1"/>
						<line number="353" hits="1"/>
						<line number="355" hits="1"/>
						<line number="357" hits="1"/>
						<line number="359" hits="1"/>
						<line number="360" hits="1"/>
						<line number="361" hits="1"/>
						<line number="362" hits="1"/>
						<line number="363" hits="1"/>
						<line number="364" hits="1"/>
						<line number="365" hits="1"/>
						<line number="366" hits="1"/>
						<line number="367" hits="1"/>
						<line number="372" hits="1"/>
						<line number="373" hits="1"/>
						<line number="374" hits="1"/>
						<line number="375" hits="1"/>
						<line number="376" hits="1"/>
						<line number="378" hits="1"/>
						<line number="380" hits="1"/>
						<line number="383" hits="1"/>
						<line number="384" hits="0"/>
						<line number="385" hits="0"/>
						<line number="388" hits="0"/>
						<line number="390" hits="1"/>
						<line number="394" hits="1"/>
						<line number="395" hits="1"/>
						<line number="397" hits="1"/>
						<line number="401" hits="1"/>
						<line number="404" hits="1"/>
						<line number="405" hits="1"/>
						<line number="407" hits="0"/>
						<line number="408" hits="1"/>
						<line number="410" hits="1"/>
						<line number="411" hits="1"/>
						<line number="442" hits="1"/>
						<line number="445" hits="1"/>
						<line number="446" hits="1"/>
						<line number="448" hits="1"/>
						<line number="450" hits="1"/>
						<line number="451" hits="1"/>
						<line number="458" hits="1"/>
						<line number="460" hits="1"/>
						<line number="461" hits="1"/>
						<line number="468" hits="1"/>
						<line number="470" hits="1"/>
						<line number="471" hits="1"/>
						<line number="517" hits="1"/>
						<line number="518" hits="1"/>
						<line number="519" hits="1"/>
						<line number="521" hits="1"/>
						<line number="522" hits="1"/>
						<line number="539" hits="1"/>
						<line number="541" hits="1"/>
						<line number="542" hits="0"/>
						<line number="543" hits="0"/>
						<line number="545" hits="1"/>
						<line number="547" hits="1"/>
						<line number="548" hits="0"/>
						<line number="549" hits="0"/>
						<line number="551" hits="1"/>
					</lines>
				</class>
				<class name="output.py" filename="src/fragmentmnp/output.py" complexity="0" line-rate="0.2234" branch-rate="0">
					<methods/>
					<lines>
						<line number="7" hits="1"/>
						<line number="8" hits="1"/>
						<line number="9" hits="1"/>
						<line number="10" hits="1"/>
						<line number="13" hits="1"/>
						<line number="47" hits="1"/>
						<line number="50" hits="1"/>
						<line number="63" hits="1"/>
						<line number="64" hits="1"/>
						<line number="65" hits="1"/>
						<line number="66" hits="1"/>
						<line number="67" hits="1"/>
						<line number="68" hits="1"/>
						<line number="69" hits="1"/>
						<line number="70" hits="1"/>
						<line number="72" hits="1"/>
						<line number="73" hits="1"/>
						<line number="76" hits="1"/>
						<line number="77" hits="1"/>
						<line number="79" hits="0"/>
						<line number="81" hits="1"/>
						<line number="133" hits="0"/>
						<line number="136" hits="0"/>
						<line number="138" hits="0"/>
						<line number="139" hits="0"/>
						<line number="140" hits="0"/>
						<line number="142" hits="0"/>
						<line number="143" hits="0"/>
						<line number="144" hits="0"/>
						<line number="145" hits="0"/>
						<line number="146" hits="0"/>
						<line number="147" hits="0"/>
						<line number="150" hits="0"/>
						<line number="154" hits="0"/>
						<line number="155" hits="0"/>
						<line number="157" hits="0"/>
						<line number="158" hits="0"/>
						<line number="159" hits="0"/>
						<line number="162" hits="0"/>
						<line number="163" hits="0"/>
						<line number="169" hits="0"/>
						<line number="172" hits="0"/>
						<line number="173" hits="0"/>
						<line number="174" hits="0"/>
						<line number="176" hits="0"/>
						<line number="177" hits="0"/>
						<line number="179" hits="0"/>
						<line number="180" hits="0"/>
						<line number="181" hits="0"/>
						<line number="182" hits="0"/>
						<line number="185" hits="0"/>
						<line number="188" hits="0"/>
						<line number="190" hits="0"/>
						<line number="191" hits="0"/>
						<line number="192" hits="0"/>
						<line number="193" hits="0"/>
						<line number="195" hits="0"/>
						<line number="196" hits="0"/>
						<line number="197" hits="0"/>
						<line number="200" hits="0"/>
						<line number="201" hits="0"/>
						<line number="203" hits="0"/>
						<line number="204" hits="0"/>
						<line number="205" hits="0"/>
						<line number="206" hits="0"/>
						<line number="207" hits="0"/>
						<line number="210" hits="0"/>
						<line number="212" hits="0"/>
						<line number="213" hits="0"/>
						<line number="214" hits="0"/>
						<line number="215" hits="0"/>
						<line number="216" hits="0"/>
						<line number="218" hits="0"/>
						<line number="220" hits="1"/>
						<line number="226" hits="0"/>
						<line number="227" hits="0"/>
						<line number="230" hits="0"/>
						<line number="231" hits="0"/>
						<line number="233" hits="0"/>
						<line number="234" hits="0"/>
						<line number="235" hits="0"/>
						<line number="236" hits="0"/>
						<line number="237" hits="0"/>
						<line number="239" hits="0"/>
						<line number="240" hits="0"/>
						<line number="241" hits="0"/>
						<line number="242" hits="0"/>
						<line number="243" hits="0"/>
						<line number="245" hits="0"/>
						<line number="247" hits="0"/>
						<line number="252" hits="0"/>
						<line number="253" hits="0"/>
						<line number="254" hits="0"/>
						<line number="256" hits="0"/>
					</lines>
				</class>
				<class name="validation.py" filename="src/fragmentmnp/validation.py" complexity="0" line-rate="0.9375" branch-rate="0">
					<methods/>
					<lines>
						<line number="7" hits="1"/>
						<line number="8" hits="1"/>
						<line number="10" hits="1"/>
						<line number="13" hits="1"/>
						<line number="15" hits="1"/>
						<line number="16" hits="1"/>
						<line number="18" hits="1"/>
						<line number="20" hits="1"/>
						<line number="21" hits="1"/>
						<line number="22" hits="1"/>
						<line number="23" hits="1"/>
						<line number="24" hits="1"/>
						<line number="25" hits="1"/>
						<line number="28" hits="1"/>
						<line number="30" hits="1"/>
						<line number="31" hits="1"/>
						<line number="33" hits="1"/>
						<line number="34" hits="0"/>
						<line number="35" hits="0"/>
						<line number="36" hits="1"/>
						<line number="40" hits="1"/>
						<line number="54" hits="1"/>
						<line number="81" hits="1"/>
						<line number="108" hits="1"/>
						<line number="127" hits="1"/>
						<line number="143" hits="1"/>
						<line number="144" hits="1"/>
						<line number="147" hits="1"/>
						<line number="164" hits="1"/>
						<line number="167" hits="1"/>
						<line number="168" hits="1"/>
						<line number="176" hits="1"/>
					</lines>
				</class>
			</classes>
		</package>
	</packages>
</coverage>
